------------------------------------------------------------------------------------------------------------------------
      name:  Demos
       log:  z:\research\Inertia\demos_by_year.log
  log type:  text
 opened on:  10 Oct 2012, 18:24:01

. /* Note: D2I is debt 2 income ratio */
> 
> local years "1995 1998 2001 2004";

. local demos "AGE HHSIZE EDUC INCOME D2I";

. /* summarize income */
> foreach yr of local years {;
  2.         use $datadir\\`yr'SCF.dta;
  3.         preserve;
  4.         di `yr';
  5.         su INCOME [iw=WGT0];
  6.         restore;
  7.         clear;
  8. };
1995

    Variable |     Obs      Weight        Mean   Std. Dev.       Min        Max
-------------+-----------------------------------------------------------------
      INCOME |   21495   495052289    43616.86   157496.4          0   9.97e+07
1998

    Variable |     Obs      Weight        Mean   Std. Dev.       Min        Max
-------------+-----------------------------------------------------------------
      INCOME |   21525   512744212    52335.27   238947.8          0   1.77e+08
2001

    Variable |     Obs      Weight        Mean   Std. Dev.       Min        Max
-------------+-----------------------------------------------------------------
      INCOME |   22210   532479046    67244.72     225444          0   1.23e+08
2004

    Variable |     Obs      Weight        Mean   Std. Dev.       Min        Max
-------------+-----------------------------------------------------------------
      INCOME |   22595   560544680    68807.52   210806.5          0   1.02e+08

. /* have KG by income quartiles */
> foreach yr of local years {;
  2.         use $datadir\\`yr'SCF.dta;
  3.         preserve;
  4.         di `yr';
  5.         xtile INCby4=INCOME, n(4);
  6.         sort INCby4;
  7.         by INCby4: tab HKGTOTAL [iw=WGT0];
  8.         restore;
  9.         clear;
 10. };
1995

------------------------------------------------------------------------------------------------------------------------
-> INCby4 = 1

   HKGTOTAL |      Freq.     Percent        Cum.
------------+-----------------------------------
          0 | 92764839.1       49.85       49.85
          1 | 93333001.3       50.15      100.00
------------+-----------------------------------
      Total |186,097,840      100.00

------------------------------------------------------------------------------------------------------------------------
-> INCby4 = 2

   HKGTOTAL |      Freq.     Percent        Cum.
------------+-----------------------------------
          0 | 44126612.7       28.89       28.89
          1 |108,621,747       71.11      100.00
------------+-----------------------------------
      Total |152,748,359      100.00

------------------------------------------------------------------------------------------------------------------------
-> INCby4 = 3

   HKGTOTAL |      Freq.     Percent        Cum.
------------+-----------------------------------
          0 | 12,764,298       10.04       10.04
          1 |114,334,150       89.96      100.00
------------+-----------------------------------
      Total |127,098,448      100.00

------------------------------------------------------------------------------------------------------------------------
-> INCby4 = 4

   HKGTOTAL |      Freq.     Percent        Cum.
------------+-----------------------------------
          0 |  1,110,018        3.81        3.81
          1 | 27997623.6       96.19      100.00
------------+-----------------------------------
      Total | 29107641.2      100.00

1998

------------------------------------------------------------------------------------------------------------------------
-> INCby4 = 1

   HKGTOTAL |      Freq.     Percent        Cum.
------------+-----------------------------------
          0 | 91911248.2       52.31       52.31
          1 | 83794430.5       47.69      100.00
------------+-----------------------------------
      Total |175,705,679      100.00

------------------------------------------------------------------------------------------------------------------------
-> INCby4 = 2

   HKGTOTAL |      Freq.     Percent        Cum.
------------+-----------------------------------
          0 | 42484994.8       25.82       25.82
          1 |122,065,353       74.18      100.00
------------+-----------------------------------
      Total |164,550,348      100.00

------------------------------------------------------------------------------------------------------------------------
-> INCby4 = 3

   HKGTOTAL |      Freq.     Percent        Cum.
------------+-----------------------------------
          0 | 14,033,568        9.73        9.73
          1 |130,183,419       90.27      100.00
------------+-----------------------------------
      Total |144,216,987      100.00

------------------------------------------------------------------------------------------------------------------------
-> INCby4 = 4

   HKGTOTAL |      Freq.     Percent        Cum.
------------+-----------------------------------
          0 | 4,219.8185        0.01        0.01
          1 | 28266978.3       99.99      100.00
------------+-----------------------------------
      Total | 28271198.2      100.00

2001

------------------------------------------------------------------------------------------------------------------------
-> INCby4 = 1

   HKGTOTAL |      Freq.     Percent        Cum.
------------+-----------------------------------
          0 | 89076645.8       49.54       49.54
          1 | 90724767.8       50.46      100.00
------------+-----------------------------------
      Total |179,801,414      100.00

------------------------------------------------------------------------------------------------------------------------
-> INCby4 = 2

   HKGTOTAL |      Freq.     Percent        Cum.
------------+-----------------------------------
          0 | 47202476.4       27.65       27.65
          1 |123,509,802       72.35      100.00
------------+-----------------------------------
      Total |170,712,279      100.00

------------------------------------------------------------------------------------------------------------------------
-> INCby4 = 3

   HKGTOTAL |      Freq.     Percent        Cum.
------------+-----------------------------------
          0 | 12088148.5        7.99        7.99
          1 |139,195,006       92.01      100.00
------------+-----------------------------------
      Total |151,283,154      100.00

------------------------------------------------------------------------------------------------------------------------
-> INCby4 = 4

   HKGTOTAL |      Freq.     Percent        Cum.
------------+-----------------------------------
          0 | 24,551.843        0.08        0.08
          1 | 30657647.3       99.92      100.00
------------+-----------------------------------
      Total | 30682199.1      100.00

2004

------------------------------------------------------------------------------------------------------------------------
-> INCby4 = 1

   HKGTOTAL |      Freq.     Percent        Cum.
------------+-----------------------------------
          0 | 96778356.6       50.21       50.21
          1 | 95986526.2       49.79      100.00
------------+-----------------------------------
      Total |192,764,883      100.00

------------------------------------------------------------------------------------------------------------------------
-> INCby4 = 2

   HKGTOTAL |      Freq.     Percent        Cum.
------------+-----------------------------------
          0 | 44117305.7       24.16       24.16
          1 |138,508,913       75.84      100.00
------------+-----------------------------------
      Total |182,626,219      100.00

------------------------------------------------------------------------------------------------------------------------
-> INCby4 = 3

   HKGTOTAL |      Freq.     Percent        Cum.
------------+-----------------------------------
          0 | 10473833.5        6.76        6.76
          1 |144,352,186       93.24      100.00
------------+-----------------------------------
      Total |154,826,020      100.00

------------------------------------------------------------------------------------------------------------------------
-> INCby4 = 4

   HKGTOTAL |      Freq.     Percent        Cum.
------------+-----------------------------------
          0 | 333,577.72        1.10        1.10
          1 | 29993980.9       98.90      100.00
------------+-----------------------------------
      Total | 30327558.6      100.00


. /* have KG in stocks or mutual funds by income quartiles */
> foreach yr of local years {;
  2.         use $datadir\\`yr'SCF.dta;
  3.         preserve;
  4.         di `yr';
  5.         xtile INCby4=INCOME, n(4);
  6.         sort INCby4;
  7.         by INCby4: tab HKGSTMF [iw=WGT0];
  8.         restore;
  9.         clear;
 10. };
1995

------------------------------------------------------------------------------------------------------------------------
-> INCby4 = 1

    HKGSTMF |      Freq.     Percent        Cum.
------------+-----------------------------------
          0 |174,250,695       93.63       93.63
          1 | 11847144.9        6.37      100.00
------------+-----------------------------------
      Total |186,097,840      100.00

------------------------------------------------------------------------------------------------------------------------
-> INCby4 = 2

    HKGSTMF |      Freq.     Percent        Cum.
------------+-----------------------------------
          0 |123,951,121       81.15       81.15
          1 | 28,797,238       18.85      100.00
------------+-----------------------------------
      Total |152,748,359      100.00

------------------------------------------------------------------------------------------------------------------------
-> INCby4 = 3

    HKGSTMF |      Freq.     Percent        Cum.
------------+-----------------------------------
          0 | 83417706.3       65.63       65.63
          1 | 43680741.9       34.37      100.00
------------+-----------------------------------
      Total |127,098,448      100.00

------------------------------------------------------------------------------------------------------------------------
-> INCby4 = 4

    HKGSTMF |      Freq.     Percent        Cum.
------------+-----------------------------------
          0 | 12602156.5       43.30       43.30
          1 | 16505484.7       56.70      100.00
------------+-----------------------------------
      Total | 29107641.2      100.00

1998

------------------------------------------------------------------------------------------------------------------------
-> INCby4 = 1

    HKGSTMF |      Freq.     Percent        Cum.
------------+-----------------------------------
          0 |161,354,947       91.83       91.83
          1 | 14350731.9        8.17      100.00
------------+-----------------------------------
      Total |175,705,679      100.00

------------------------------------------------------------------------------------------------------------------------
-> INCby4 = 2

    HKGSTMF |      Freq.     Percent        Cum.
------------+-----------------------------------
          0 |126,069,984       76.61       76.61
          1 | 38480363.7       23.39      100.00
------------+-----------------------------------
      Total |164,550,348      100.00

------------------------------------------------------------------------------------------------------------------------
-> INCby4 = 3

    HKGSTMF |      Freq.     Percent        Cum.
------------+-----------------------------------
          0 | 83004582.7       57.56       57.56
          1 | 61212404.6       42.44      100.00
------------+-----------------------------------
      Total |144,216,987      100.00

------------------------------------------------------------------------------------------------------------------------
-> INCby4 = 4

    HKGSTMF |      Freq.     Percent        Cum.
------------+-----------------------------------
          0 |  7,157,443       25.32       25.32
          1 | 21,113,755       74.68      100.00
------------+-----------------------------------
      Total | 28271198.2      100.00

2001

------------------------------------------------------------------------------------------------------------------------
-> INCby4 = 1

    HKGSTMF |      Freq.     Percent        Cum.
------------+-----------------------------------
          0 |164,934,657       91.73       91.73
          1 | 14866756.2        8.27      100.00
------------+-----------------------------------
      Total |179,801,414      100.00

------------------------------------------------------------------------------------------------------------------------
-> INCby4 = 2

    HKGSTMF |      Freq.     Percent        Cum.
------------+-----------------------------------
          0 |128,094,899       75.04       75.04
          1 | 42617380.1       24.96      100.00
------------+-----------------------------------
      Total |170,712,279      100.00

------------------------------------------------------------------------------------------------------------------------
-> INCby4 = 3

    HKGSTMF |      Freq.     Percent        Cum.
------------+-----------------------------------
          0 | 85617260.2       56.59       56.59
          1 | 65,665,894       43.41      100.00
------------+-----------------------------------
      Total |151,283,154      100.00

------------------------------------------------------------------------------------------------------------------------
-> INCby4 = 4

    HKGSTMF |      Freq.     Percent        Cum.
------------+-----------------------------------
          0 |  6,894,425       22.47       22.47
          1 | 23787773.8       77.53      100.00
------------+-----------------------------------
      Total | 30682199.1      100.00

2004

------------------------------------------------------------------------------------------------------------------------
-> INCby4 = 1

    HKGSTMF |      Freq.     Percent        Cum.
------------+-----------------------------------
          0 |176,775,817       91.71       91.71
          1 | 15,989,066        8.29      100.00
------------+-----------------------------------
      Total |192,764,883      100.00

------------------------------------------------------------------------------------------------------------------------
-> INCby4 = 2

    HKGSTMF |      Freq.     Percent        Cum.
------------+-----------------------------------
          0 |143,199,886       78.41       78.41
          1 | 39426333.1       21.59      100.00
------------+-----------------------------------
      Total |182,626,219      100.00

------------------------------------------------------------------------------------------------------------------------
-> INCby4 = 3

    HKGSTMF |      Freq.     Percent        Cum.
------------+-----------------------------------
          0 | 89615859.9       57.88       57.88
          1 | 65,210,160       42.12      100.00
------------+-----------------------------------
      Total |154,826,020      100.00

------------------------------------------------------------------------------------------------------------------------
-> INCby4 = 4

    HKGSTMF |      Freq.     Percent        Cum.
------------+-----------------------------------
          0 | 10296039.7       33.95       33.95
          1 | 20031518.9       66.05      100.00
------------+-----------------------------------
      Total | 30327558.6      100.00


. /* saved? by income quartiles */
> foreach yr of local years {;
  2.         use $datadir\\`yr'SCF.dta;
  3.         preserve;
  4.         di `yr';
  5.         xtile INCby4=INCOME, n(4);
  6.         sort INCby4;
  7.         by INCby4: tab SAVED [iw=WGT0];
  8.         restore;
  9.         clear;
 10. };
1995

------------------------------------------------------------------------------------------------------------------------
-> INCby4 = 1

      SAVED |      Freq.     Percent        Cum.
------------+-----------------------------------
          0 |164,610,415       88.45       88.45
          1 | 21487425.2       11.55      100.00
------------+-----------------------------------
      Total |186,097,840      100.00

------------------------------------------------------------------------------------------------------------------------
-> INCby4 = 2

      SAVED |      Freq.     Percent        Cum.
------------+-----------------------------------
          0 |128,302,038       84.00       84.00
          1 | 24446320.8       16.00      100.00
------------+-----------------------------------
      Total |152,748,359      100.00

------------------------------------------------------------------------------------------------------------------------
-> INCby4 = 3

      SAVED |      Freq.     Percent        Cum.
------------+-----------------------------------
          0 |105,947,734       83.36       83.36
          1 | 21,150,714       16.64      100.00
------------+-----------------------------------
      Total |127,098,448      100.00

------------------------------------------------------------------------------------------------------------------------
-> INCby4 = 4

      SAVED |      Freq.     Percent        Cum.
------------+-----------------------------------
          0 | 25235598.3       86.70       86.70
          1 |  3,872,043       13.30      100.00
------------+-----------------------------------
      Total | 29107641.2      100.00

1998

------------------------------------------------------------------------------------------------------------------------
-> INCby4 = 1

      SAVED |      Freq.     Percent        Cum.
------------+-----------------------------------
          0 |158,693,393       90.32       90.32
          1 | 17012285.9        9.68      100.00
------------+-----------------------------------
      Total |175,705,679      100.00

------------------------------------------------------------------------------------------------------------------------
-> INCby4 = 2

      SAVED |      Freq.     Percent        Cum.
------------+-----------------------------------
          0 |135,774,685       82.51       82.51
          1 | 28775662.9       17.49      100.00
------------+-----------------------------------
      Total |164,550,348      100.00

------------------------------------------------------------------------------------------------------------------------
-> INCby4 = 3

      SAVED |      Freq.     Percent        Cum.
------------+-----------------------------------
          0 |120,607,709       83.63       83.63
          1 | 23609278.4       16.37      100.00
------------+-----------------------------------
      Total |144,216,987      100.00

------------------------------------------------------------------------------------------------------------------------
-> INCby4 = 4

      SAVED |      Freq.     Percent        Cum.
------------+-----------------------------------
          0 | 25024075.4       88.51       88.51
          1 |  3,247,123       11.49      100.00
------------+-----------------------------------
      Total | 28271198.2      100.00

2001

------------------------------------------------------------------------------------------------------------------------
-> INCby4 = 1

      SAVED |      Freq.     Percent        Cum.
------------+-----------------------------------
          0 |161,055,553       89.57       89.57
          1 | 18745860.9       10.43      100.00
------------+-----------------------------------
      Total |179,801,414      100.00

------------------------------------------------------------------------------------------------------------------------
-> INCby4 = 2

      SAVED |      Freq.     Percent        Cum.
------------+-----------------------------------
          0 |141,497,085       82.89       82.89
          1 | 29215193.9       17.11      100.00
------------+-----------------------------------
      Total |170,712,279      100.00

------------------------------------------------------------------------------------------------------------------------
-> INCby4 = 3

      SAVED |      Freq.     Percent        Cum.
------------+-----------------------------------
          0 |131,085,195       86.65       86.65
          1 | 20197959.2       13.35      100.00
------------+-----------------------------------
      Total |151,283,154      100.00

------------------------------------------------------------------------------------------------------------------------
-> INCby4 = 4

      SAVED |      Freq.     Percent        Cum.
------------+-----------------------------------
          0 | 27601292.6       89.96       89.96
          1 |  3,080,907       10.04      100.00
------------+-----------------------------------
      Total | 30682199.1      100.00

2004

------------------------------------------------------------------------------------------------------------------------
-> INCby4 = 1

      SAVED |      Freq.     Percent        Cum.
------------+-----------------------------------
          0 |169,397,299       87.88       87.88
          1 | 23367583.4       12.12      100.00
------------+-----------------------------------
      Total |192,764,883      100.00

------------------------------------------------------------------------------------------------------------------------
-> INCby4 = 2

      SAVED |      Freq.     Percent        Cum.
------------+-----------------------------------
          0 |154,123,772       84.39       84.39
          1 | 28502446.5       15.61      100.00
------------+-----------------------------------
      Total |182,626,219      100.00

------------------------------------------------------------------------------------------------------------------------
-> INCby4 = 3

      SAVED |      Freq.     Percent        Cum.
------------+-----------------------------------
          0 |130,450,341       84.26       84.26
          1 | 24375679.1       15.74      100.00
------------+-----------------------------------
      Total |154,826,020      100.00

------------------------------------------------------------------------------------------------------------------------
-> INCby4 = 4

      SAVED |      Freq.     Percent        Cum.
------------+-----------------------------------
          0 | 27636482.8       91.13       91.13
          1 |  2,691,076        8.87      100.00
------------+-----------------------------------
      Total | 30327558.6      100.00


. /* D2I by income quartiles */
> foreach yr of local years {;
  2.         use $datadir\\`yr'SCF.dta;
  3.         preserve;
  4.         di `yr';
  5.         xtile INCby4=INCOME, n(4);
  6.         sort INCby4;
  7.         by INCby4: su D2I [iw=WGT0];
  8.         restore;
  9.         clear;
 10. };
1995

------------------------------------------------------------------------------------------------------------------------
-> INCby4 = 1

    Variable |     Obs      Weight        Mean   Std. Dev.       Min        Max
-------------+-----------------------------------------------------------------
         D2I |    5437   181781764    1.082523   7.078825          0   786.4572

------------------------------------------------------------------------------------------------------------------------
-> INCby4 = 2

    Variable |     Obs      Weight        Mean   Std. Dev.       Min        Max
-------------+-----------------------------------------------------------------
         D2I |    5117   152748359     .877049   1.254215          0   103.3056

------------------------------------------------------------------------------------------------------------------------
-> INCby4 = 3

    Variable |     Obs      Weight        Mean   Std. Dev.       Min        Max
-------------+-----------------------------------------------------------------
         D2I |    5357   127098448    .9757742   .9644572          0   97.13953

------------------------------------------------------------------------------------------------------------------------
-> INCby4 = 4

    Variable |     Obs      Weight        Mean   Std. Dev.       Min        Max
-------------+-----------------------------------------------------------------
         D2I |    5369  29107641.2    .7358125   .9386496          0   37.06618

1998

------------------------------------------------------------------------------------------------------------------------
-> INCby4 = 1

    Variable |     Obs      Weight        Mean   Std. Dev.       Min        Max
-------------+-----------------------------------------------------------------
         D2I |    5334   169029693    2.099092   32.60089          0   942.3333

------------------------------------------------------------------------------------------------------------------------
-> INCby4 = 2

    Variable |     Obs      Weight        Mean   Std. Dev.       Min        Max
-------------+-----------------------------------------------------------------
         D2I |    5258   164550348    .9331746   1.335294          0   87.22593

------------------------------------------------------------------------------------------------------------------------
-> INCby4 = 3

    Variable |     Obs      Weight        Mean   Std. Dev.       Min        Max
-------------+-----------------------------------------------------------------
         D2I |    5330   144216987    1.122042   1.161123          0   22.43077

------------------------------------------------------------------------------------------------------------------------
-> INCby4 = 4

    Variable |     Obs      Weight        Mean   Std. Dev.       Min        Max
-------------+-----------------------------------------------------------------
         D2I |    5363  28271198.2     .808552   1.026945          0   46.58385

2001

------------------------------------------------------------------------------------------------------------------------
-> INCby4 = 1

    Variable |     Obs      Weight        Mean   Std. Dev.       Min        Max
-------------+-----------------------------------------------------------------
         D2I |    5470   177968797    1.029475   4.114031          0        100

------------------------------------------------------------------------------------------------------------------------
-> INCby4 = 2

    Variable |     Obs      Weight        Mean   Std. Dev.       Min        Max
-------------+-----------------------------------------------------------------
         D2I |    5566   170712279    .9282205   1.221328          0     26.925

------------------------------------------------------------------------------------------------------------------------
-> INCby4 = 3

    Variable |     Obs      Weight        Mean   Std. Dev.       Min        Max
-------------+-----------------------------------------------------------------
         D2I |    5544   151283154    .9987093    .987572          0   30.32258

------------------------------------------------------------------------------------------------------------------------
-> INCby4 = 4

    Variable |     Obs      Weight        Mean   Std. Dev.       Min        Max
-------------+-----------------------------------------------------------------
         D2I |    5530  30682199.1    .7696686     .87082          0   37.86666

2004

------------------------------------------------------------------------------------------------------------------------
-> INCby4 = 1

    Variable |     Obs      Weight        Mean   Std. Dev.       Min        Max
-------------+-----------------------------------------------------------------
         D2I |    5676   190403879    1.366868   11.20147          0   1085.357

------------------------------------------------------------------------------------------------------------------------
-> INCby4 = 2

    Variable |     Obs      Weight        Mean   Std. Dev.       Min        Max
-------------+-----------------------------------------------------------------
         D2I |    5620   182626219    1.297808   1.669086          0   28.59459

------------------------------------------------------------------------------------------------------------------------
-> INCby4 = 3

    Variable |     Obs      Weight        Mean   Std. Dev.       Min        Max
-------------+-----------------------------------------------------------------
         D2I |    5562   154826020    1.322288   1.446581          0        105

------------------------------------------------------------------------------------------------------------------------
-> INCby4 = 4

    Variable |     Obs      Weight        Mean   Std. Dev.       Min        Max
-------------+-----------------------------------------------------------------
         D2I |    5632  30327558.6    .9060448   1.139309          0   20.10497


. /* how does risky fraction change over time by income */
> foreach yr of local years {;
  2.         use $datadir\\`yr'SCF.dta;
  3.         preserve;
  4.         di `yr';
  5.         gen RISKY=STOCKS+NMMF;
  6.         gen RISKSHARE=RISKY/ASSET;
  7.         xtile INCby4=INCOME, n(4);
  8.         sort INCby4;
  9.         by INCby4: su RISKSHARE [iw=WGT0];
 10.         restore;
 11.         clear;
 12. };
1995
(540 missing values generated)

------------------------------------------------------------------------------------------------------------------------
-> INCby4 = 1

    Variable |     Obs      Weight        Mean   Std. Dev.       Min        Max
-------------+-----------------------------------------------------------------
   RISKSHARE |    5139   168691893    .0148792   .0783357          0   .9949149

------------------------------------------------------------------------------------------------------------------------
-> INCby4 = 2

    Variable |     Obs      Weight        Mean   Std. Dev.       Min        Max
-------------+-----------------------------------------------------------------
   RISKSHARE |    5091   151991947    .0288045   .0940066          0    .999203

------------------------------------------------------------------------------------------------------------------------
-> INCby4 = 3

    Variable |     Obs      Weight        Mean   Std. Dev.       Min        Max
-------------+-----------------------------------------------------------------
   RISKSHARE |    5356   127067656    .0452804   .1139074          0   .9265664

------------------------------------------------------------------------------------------------------------------------
-> INCby4 = 4

    Variable |     Obs      Weight        Mean   Std. Dev.       Min        Max
-------------+-----------------------------------------------------------------
   RISKSHARE |    5369  29107641.2    .0907073   .1481713   -.412255   .9430531

1998
(585 missing values generated)

------------------------------------------------------------------------------------------------------------------------
-> INCby4 = 1

    Variable |     Obs      Weight        Mean   Std. Dev.       Min        Max
-------------+-----------------------------------------------------------------
   RISKSHARE |    5034   160721308    .0218511   .0970044          0          1

------------------------------------------------------------------------------------------------------------------------
-> INCby4 = 2

    Variable |     Obs      Weight        Mean   Std. Dev.       Min        Max
-------------+-----------------------------------------------------------------
   RISKSHARE |    5213   163371768    .0425359   .1174617          0          1

------------------------------------------------------------------------------------------------------------------------
-> INCby4 = 3

    Variable |     Obs      Weight        Mean   Std. Dev.       Min        Max
-------------+-----------------------------------------------------------------
   RISKSHARE |    5330   144216987    .0648803   .1348919          0   .9541628

------------------------------------------------------------------------------------------------------------------------
-> INCby4 = 4

    Variable |     Obs      Weight        Mean   Std. Dev.       Min        Max
-------------+-----------------------------------------------------------------
   RISKSHARE |    5363  28271198.2    .1442033   .1835564  -1.052632   81.80791

2001
(613 missing values generated)

------------------------------------------------------------------------------------------------------------------------
-> INCby4 = 1

    Variable |     Obs      Weight        Mean   Std. Dev.       Min        Max
-------------+-----------------------------------------------------------------
   RISKSHARE |    4987   162919702    .0231373   .1004414          0          1

------------------------------------------------------------------------------------------------------------------------
-> INCby4 = 2

    Variable |     Obs      Weight        Mean   Std. Dev.       Min        Max
-------------+-----------------------------------------------------------------
   RISKSHARE |    5536   169891045    .0437739   .1213384          0   .9749914

------------------------------------------------------------------------------------------------------------------------
-> INCby4 = 3

    Variable |     Obs      Weight        Mean   Std. Dev.       Min        Max
-------------+-----------------------------------------------------------------
   RISKSHARE |    5544   151283154    .0679356   .1353752          0   .9397466

------------------------------------------------------------------------------------------------------------------------
-> INCby4 = 4

    Variable |     Obs      Weight        Mean   Std. Dev.       Min        Max
-------------+-----------------------------------------------------------------
   RISKSHARE |    5530  30682199.1    .1329307   .1758904          0   .9913532

2004
(424 missing values generated)

------------------------------------------------------------------------------------------------------------------------
-> INCby4 = 1

    Variable |     Obs      Weight        Mean   Std. Dev.       Min        Max
-------------+-----------------------------------------------------------------
   RISKSHARE |    5388   181439713    .0177489   .0809865          0   .8815427

------------------------------------------------------------------------------------------------------------------------
-> INCby4 = 2

    Variable |     Obs      Weight        Mean   Std. Dev.       Min        Max
-------------+-----------------------------------------------------------------
   RISKSHARE |    5594   181759044    .0371212    .116932          0          1

------------------------------------------------------------------------------------------------------------------------
-> INCby4 = 3

    Variable |     Obs      Weight        Mean   Std. Dev.       Min        Max
-------------+-----------------------------------------------------------------
   RISKSHARE |    5557   154725893    .0511216   .1053903          0   .8145362

------------------------------------------------------------------------------------------------------------------------
-> INCby4 = 4

    Variable |     Obs      Weight        Mean   Std. Dev.       Min        Max
-------------+-----------------------------------------------------------------
   RISKSHARE |    5632  30327558.6    .1116251   .1581985          0    .971376


. capture log close Demos;
